2022-12-18 11:38:44 INFO  HomePage :54 - Clicking on login link [[ChromeDriver: chrome on WINDOWS (c2db50265a7e0585f754382b7dd99134)] -> link text: Log in]<br>
2022-12-18 11:38:44 INFO  HomePage :54 - Clicking on login link [[ChromeDriver: chrome on WINDOWS (c2db50265a7e0585f754382b7dd99134)] -> link text: Log in]<br>
2022-12-18 11:40:42 INFO  HomePage :54 - Clicking on login link [[ChromeDriver: chrome on WINDOWS (fa8b94f241b7e0390d70e2b2c4fd1c56)] -> link text: Log in]<br>
2022-12-18 11:40:42 INFO  HomePage :54 - Clicking on login link [[ChromeDriver: chrome on WINDOWS (fa8b94f241b7e0390d70e2b2c4fd1c56)] -> link text: Log in]<br>
2022-12-18 11:47:17 INFO  HomePage :54 - Clicking on login link [[ChromeDriver: chrome on WINDOWS (43dda3f1d95fe242b472d01e2c339775)] -> link text: Log in]<br>
2022-12-18 11:48:58 INFO  HomePage :54 - Clicking on login link [[ChromeDriver: chrome on WINDOWS (aeb9bb9475ccc7a08c2f206b8ae1f067)] -> link text: Log in]<br>
2022-12-18 11:49:48 INFO  HomePage :54 - Clicking on login link [[ChromeDriver: chrome on WINDOWS (2e69198d573f122dc62e5f9b8845ba23)] -> link text: Log in]<br>
2022-12-18 12:40:29 INFO  HomePage :54 - Clicking on login link [[ChromeDriver: chrome on WINDOWS (5f3a67d66bb7ced7a36d8db76cedafa9)] -> link text: Log in]<br>
2022-12-18 12:40:32 INFO  HomePage :54 - Clicking on login link [[ChromeDriver: chrome on WINDOWS (dd208056182c2cb1c0e35e394eee5401)] -> link text: Log in]<br>
2022-12-18 13:06:10 INFO  HomePage :54 - Clicking on login link [[ChromeDriver: chrome on WINDOWS (523a5dbf6baaf1e3cb2d84645dcadec3)] -> link text: Log in]<br>
2022-12-18 13:06:14 INFO  HomePage :54 - Clicking on login link [[ChromeDriver: chrome on WINDOWS (32c0f82da754950c1a9f3f65db1b8be1)] -> link text: Log in]<br>
2022-12-18 13:06:18 INFO  HomePage :54 - Clicking on login link [[ChromeDriver: chrome on WINDOWS (701a3c592ca9453cb5831ad336d6d6a9)] -> link text: Log in]<br>
2022-12-18 13:06:22 INFO  HomePage :54 - Clicking on login link [[ChromeDriver: chrome on WINDOWS (d307be39b5b12091e2b9d48e209332ce)] -> link text: Log in]<br>
2022-12-18 13:06:25 INFO  HomePage :54 - Clicking on login link [[ChromeDriver: chrome on WINDOWS (f65464100e6c33160fbd850c688cf4da)] -> link text: Log in]<br>
2022-12-18 13:17:42 INFO  HomePage :54 - Clicking on login link [[ChromeDriver: chrome on WINDOWS (30688a1855acebfb589cce096f66b76a)] -> link text: Log in]<br>
2022-12-18 13:19:14 INFO  HomePage :54 - Clicking on login link [[ChromeDriver: chrome on WINDOWS (705186c962f2dd1037fc5cf6818901ea)] -> link text: Log in]<br>
2022-12-18 13:19:18 INFO  HomePage :54 - Clicking on login link [[ChromeDriver: chrome on WINDOWS (9e61b499e92f87e7e7a1a729e49745dd)] -> link text: Log in]<br>
2022-12-18 14:12:11 INFO  HomePage :54 - Clicking on login link [[ChromeDriver: chrome on WINDOWS (3748cf8ad0228bb09665391a4af8e966)] -> link text: Log in]<br>
2022-12-18 14:13:57 INFO  HomePage :54 - Clicking on login link [[ChromeDriver: chrome on WINDOWS (efc3e1d2a3bddec0de134ef3add3adc3)] -> link text: Log in]<br>
2022-12-18 14:14:34 INFO  HomePage :54 - Clicking on login link [[ChromeDriver: chrome on WINDOWS (48875a47f7d3d8cf00f7f45b484f96f2)] -> link text: Log in]<br>
2022-12-18 14:14:58 INFO  HomePage :54 - Clicking on login link [[ChromeDriver: chrome on WINDOWS (849536d9ba052d875df77dd1f0b939ab)] -> link text: Log in]<br>
2022-12-18 14:15:22 INFO  HomePage :54 - Clicking on login link [[ChromeDriver: chrome on WINDOWS (7155da00d35cb43de9bd5c0dc4f3a920)] -> link text: Log in]<br>
2022-12-18 14:21:08 INFO  HomePage :54 - Clicking on login link [[ChromeDriver: chrome on WINDOWS (e30484092a9f5050b11791fe17df1cac)] -> link text: Log in]<br>
2022-12-18 14:22:08 INFO  HomePage :54 - Clicking on login link [[ChromeDriver: chrome on WINDOWS (b9c37f2cab824166ec067fd01d295c2c)] -> link text: Log in]<br>
2022-12-18 14:22:49 INFO  HomePage :54 - Clicking on login link [[ChromeDriver: chrome on WINDOWS (0473f0f195c5494a77b0be8ea904ce17)] -> link text: Log in]<br>
2022-12-18 14:22:55 INFO  HomePage :54 - Clicking on login link [[ChromeDriver: chrome on WINDOWS (3430921a0f19ed9ee619baf809289551)] -> link text: Log in]<br>
2022-12-18 15:02:55 INFO  HomePage :54 - Clicking on login link [[ChromeDriver: chrome on WINDOWS (a9915a1e22371fc691e4d6643d03b44c)] -> link text: Log in]<br>
2022-12-18 15:55:46 INFO  HomePage :54 - Clicking on login link [[ChromeDriver: chrome on WINDOWS (bd66ce27e53a7c5c6ff022682dd548d7)] -> link text: Log in]<br>
2022-12-18 17:08:01 INFO  HomePage :101 - Click on 'Computers' tab <br>
2022-12-18 17:08:02 INFO  HomePage :34 - Get pageTitle text : Computers<br>
2022-12-18 17:08:07 INFO  HomePage :54 - Clicking on login link [[ChromeDriver: chrome on WINDOWS (a2d4199ddaeadd6b85827d467058eb66)] -> link text: Log in]<br>
2022-12-18 17:08:07 INFO  HomePage :46 - Getting welcome text Welcome, Please Sign In!<br>
2022-12-18 17:08:11 INFO  HomePage :54 - Clicking on login link [[ChromeDriver: chrome on WINDOWS (2bfb769e2bcd1767115243801d59bbf3)] -> link text: Log in]<br>
2022-12-18 17:08:11 INFO  HomePage :66 - Clicking on register link Register<br>
2022-12-18 17:08:11 INFO  HomePage :85 - Get registerText : Register<br>
2022-12-18 17:08:32 INFO  HomePage :101 - Click on 'Computers' tab <br>
2022-12-18 17:08:33 INFO  HomePage :42 - Click on 'Desktops' link <br>
2022-12-18 17:08:33 INFO  HomePage :34 - Get pageTitle text : Desktops<br>
2022-12-18 17:08:37 INFO  HomePage :54 - Clicking on login link [[ChromeDriver: chrome on WINDOWS (9a9de8c345e2fbc8089e6c82c731ea38)] -> link text: Log in]<br>
2022-12-18 17:08:37 INFO  HomePage :53 - Enter email siddhi.mun1@gmail.com to email field <br>
2022-12-18 17:08:37 INFO  HomePage :59 - Enter password siddh123 to password field <br>
2022-12-18 17:08:37 INFO  HomePage :65 - Clicking on Login Button <br>
2022-12-18 17:08:38 INFO  HomePage :69 - Getting error message : Login was unsuccessful. Please correct the errors and try again.
No customer account found<br>
2022-12-18 17:08:42 INFO  HomePage :54 - Clicking on login link [[ChromeDriver: chrome on WINDOWS (5900079bb80c333e7c11a39a394d4c9a)] -> link text: Log in]<br>
2022-12-18 17:08:42 INFO  HomePage :66 - Clicking on register link Register<br>
2022-12-18 17:08:43 INFO  HomePage :142 - Click on 'REGISTER' button<br>
2022-12-18 17:08:43 INFO  HomePage :151 - Click on 'REGISTER' button<br>
2022-12-18 17:08:43 INFO  HomePage :151 - Click on 'REGISTER' button<br>
2022-12-18 17:08:43 INFO  HomePage :151 - Click on 'REGISTER' button<br>
2022-12-18 17:08:43 INFO  HomePage :151 - Click on 'REGISTER' button<br>
2022-12-18 17:08:43 INFO  HomePage :151 - Click on 'REGISTER' button<br>
2022-12-18 17:09:25 INFO  HomePage :101 - Click on 'Computers' tab <br>
2022-12-18 17:09:26 INFO  HomePage :34 - Get pageTitle text : Computers<br>
2022-12-18 17:09:29 INFO  HomePage :101 - Click on 'Computers' tab <br>
2022-12-18 17:09:30 INFO  HomePage :42 - Click on 'Desktops' link <br>
2022-12-18 17:09:30 INFO  HomePage :34 - Get pageTitle text : Desktops<br>
2022-12-18 17:09:33 INFO  HomePage :101 - Click on 'Computers' tab <br>
2022-12-18 17:09:34 INFO  HomePage :42 - Click on 'Desktops' link <br>
2022-12-18 17:09:34 INFO  HomePage :65 - Click on product 'Build your own computer' : Build your own computer<br>
2022-12-18 17:09:35 INFO  HomePage :67 - Select processor '2.2 GHz Intel Pentium Dual-Core E2200'<br>
2022-12-18 17:09:35 INFO  HomePage :73 - Select RAM '2 GB'<br>
2022-12-18 17:09:35 INFO  HomePage :81 - Select HDD '320 GB'<br>
2022-12-18 17:09:35 INFO  HomePage :92 - Select HDD 'Vista Home [+$50.00]'<br>
2022-12-18 17:09:35 INFO  HomePage :103 - Select Software '[[ChromeDriver: chrome on WINDOWS (9afe297282c07652144fef63bea2e33a)] -> xpath: //dd[@id='product_attribute_input_5']//li/label]'<br>
2022-12-18 17:09:36 INFO  HomePage :112 - Click on 'ADD TO CART' Button<br>
2022-12-18 17:09:36 INFO  HomePage :118 - Get productAdded Message : [[ChromeDriver: chrome on WINDOWS (9afe297282c07652144fef63bea2e33a)] -> xpath: //p[@class='content']]<br>
2022-12-18 17:09:39 INFO  HomePage :101 - Click on 'Computers' tab <br>
2022-12-18 17:09:40 INFO  HomePage :42 - Click on 'Desktops' link <br>
2022-12-18 17:09:40 INFO  HomePage :65 - Click on product 'Build your own computer' : Build your own computer<br>
2022-12-18 17:09:41 INFO  HomePage :67 - Select processor '2.5 GHz Intel Pentium Dual-Core E2200 [+$15.00]'<br>
2022-12-18 17:09:41 INFO  HomePage :73 - Select RAM '4GB [+$20.00]'<br>
2022-12-18 17:09:41 INFO  HomePage :81 - Select HDD '400 GB [+$100.00]'<br>
2022-12-18 17:09:41 INFO  HomePage :92 - Select HDD 'Vista Premium [+$60.00]'<br>
2022-12-18 17:09:41 INFO  HomePage :103 - Select Software '[[ChromeDriver: chrome on WINDOWS (f0ee4acf388b7cf6949661c643d8ebed)] -> xpath: //dd[@id='product_attribute_input_5']//li/label]'<br>
2022-12-18 17:09:41 INFO  HomePage :112 - Click on 'ADD TO CART' Button<br>
2022-12-18 17:09:42 INFO  HomePage :118 - Get productAdded Message : [[ChromeDriver: chrome on WINDOWS (f0ee4acf388b7cf6949661c643d8ebed)] -> xpath: //p[@class='content']]<br>
2022-12-18 17:09:45 INFO  HomePage :101 - Click on 'Computers' tab <br>
2022-12-18 17:09:45 INFO  HomePage :42 - Click on 'Desktops' link <br>
2022-12-18 17:09:46 INFO  HomePage :65 - Click on product 'Build your own computer' : Build your own computer<br>
2022-12-18 17:09:46 INFO  HomePage :67 - Select processor '2.5 GHz Intel Pentium Dual-Core E2200 [+$15.00]'<br>
2022-12-18 17:09:47 INFO  HomePage :73 - Select RAM '8GB [+$60.00]'<br>
2022-12-18 17:09:47 INFO  HomePage :81 - Select HDD '320 GB'<br>
2022-12-18 17:09:47 INFO  HomePage :92 - Select HDD 'Vista Home [+$50.00]'<br>
2022-12-18 17:09:47 INFO  HomePage :103 - Select Software '[[ChromeDriver: chrome on WINDOWS (f8ae808933aab0b676113634ecbea19c)] -> xpath: //dd[@id='product_attribute_input_5']//li/label]'<br>
2022-12-18 17:09:47 INFO  HomePage :112 - Click on 'ADD TO CART' Button<br>
2022-12-18 17:09:48 INFO  HomePage :118 - Get productAdded Message : [[ChromeDriver: chrome on WINDOWS (f8ae808933aab0b676113634ecbea19c)] -> xpath: //p[@class='content']]<br>
2022-12-18 17:09:52 INFO  HomePage :54 - Clicking on login link [[ChromeDriver: chrome on WINDOWS (04c3253188b49e93017b872ca701450d)] -> link text: Log in]<br>
2022-12-18 17:09:52 INFO  HomePage :46 - Getting welcome text Welcome, Please Sign In!<br>
2022-12-18 17:09:56 INFO  HomePage :54 - Clicking on login link [[ChromeDriver: chrome on WINDOWS (633bf19a5595651f74833fab55dd34c2)] -> link text: Log in]<br>
2022-12-18 17:09:56 INFO  HomePage :53 - Enter email siddhi.mun1@gmail.com to email field <br>
2022-12-18 17:09:56 INFO  HomePage :59 - Enter password siddh123 to password field <br>
2022-12-18 17:09:56 INFO  HomePage :65 - Clicking on Login Button <br>
2022-12-18 17:09:57 INFO  HomePage :69 - Getting error message : Login was unsuccessful. Please correct the errors and try again.
No customer account found<br>
2022-12-18 17:10:01 INFO  HomePage :54 - Clicking on login link [[ChromeDriver: chrome on WINDOWS (1eac1c29597437f22d7bd6ad68f9bd06)] -> link text: Log in]<br>
2022-12-18 17:10:01 INFO  HomePage :53 - Enter email siddhi.mun@gmail.com to email field <br>
2022-12-18 17:10:01 INFO  HomePage :59 - Enter password siddh123 to password field <br>
2022-12-18 17:10:01 INFO  HomePage :65 - Clicking on Login Button <br>
2022-12-18 17:10:26 INFO  HomePage :54 - Clicking on login link [[ChromeDriver: chrome on WINDOWS (fba07734e848f88c7d6e97baf0d0ec67)] -> link text: Log in]<br>
2022-12-18 17:10:27 INFO  HomePage :53 - Enter email siddhi.mun@gmail.com to email field <br>
2022-12-18 17:10:27 INFO  HomePage :59 - Enter password siddh123 to password field <br>
2022-12-18 17:10:27 INFO  HomePage :65 - Clicking on Login Button <br>
2022-12-18 17:10:52 INFO  HomePage :54 - Clicking on login link [[ChromeDriver: chrome on WINDOWS (9212e8fc7406b29948fae10c7013fbf5)] -> link text: Log in]<br>
2022-12-18 17:10:52 INFO  HomePage :66 - Clicking on register link Register<br>
2022-12-18 17:10:52 INFO  HomePage :85 - Get registerText : Register<br>
2022-12-18 17:10:56 INFO  HomePage :54 - Clicking on login link [[ChromeDriver: chrome on WINDOWS (3095c53002c4818151db6ddddfa1d72c)] -> link text: Log in]<br>
2022-12-18 17:10:56 INFO  HomePage :66 - Clicking on register link Register<br>
2022-12-18 17:10:57 INFO  HomePage :142 - Click on 'REGISTER' button<br>
2022-12-18 17:10:57 INFO  HomePage :151 - Click on 'REGISTER' button<br>
2022-12-18 17:10:57 INFO  HomePage :151 - Click on 'REGISTER' button<br>
2022-12-18 17:10:57 INFO  HomePage :151 - Click on 'REGISTER' button<br>
2022-12-18 17:10:57 INFO  HomePage :151 - Click on 'REGISTER' button<br>
2022-12-18 17:10:57 INFO  HomePage :151 - Click on 'REGISTER' button<br>
2022-12-18 17:11:01 INFO  HomePage :54 - Clicking on login link [[ChromeDriver: chrome on WINDOWS (d9df0063edcf3d8387d9822606ac9adc)] -> link text: Log in]<br>
2022-12-18 17:11:01 INFO  HomePage :66 - Clicking on register link Register<br>
2022-12-18 17:11:01 INFO  HomePage :93 - Select 'Female' radio button<br>
2022-12-18 17:11:01 INFO  HomePage :103 - Enter Firstname : 'siddhi' to firstName field<br>
2022-12-18 17:11:01 INFO  HomePage :109 - Enter Lastname : 'Munim' to lastName field<br>
2022-12-18 17:11:02 INFO  HomePage :117 - Select day : '23', month : 'March', year : '1990'<br>
2022-12-18 17:11:02 INFO  HomePage :123 - Enter Email : 'siddhi.mun' to email field<br>
2022-12-18 17:11:02 INFO  HomePage :59 - Enter password siddh123 to password field <br>
2022-12-18 17:11:02 INFO  HomePage :135 - Enter Confirm password : 'siddh123' to confirm password field<br>
2022-12-18 17:11:03 INFO  HomePage :142 - Click on 'REGISTER' button<br>
2022-12-18 17:11:03 INFO  HomePage :161 - Get your reg completed text : Your registration completed<br>
2022-12-18 17:22:21 INFO  HomePage :54 - Clicking on login link [[ChromeDriver: chrome on WINDOWS (8338a3e1332b7257251fb44a68a71f3e)] -> link text: Log in]<br>
2022-12-18 17:22:21 INFO  HomePage :53 - Enter email siddhi.mun@gmail.com to email field <br>
2022-12-18 17:22:21 INFO  HomePage :59 - Enter password siddh123 to password field <br>
2022-12-18 17:22:21 INFO  HomePage :65 - Clicking on Login Button <br>
2022-12-18 17:23:09 INFO  HomePage :54 - Clicking on login link [[ChromeDriver: chrome on WINDOWS (8099433a2162fbebfef88fcc893edc74)] -> link text: Log in]<br>
2022-12-18 17:23:09 INFO  HomePage :53 - Enter email siddhi.mun to email field <br>
2022-12-18 17:23:09 INFO  HomePage :59 - Enter password siddh123 to password field <br>
2022-12-18 17:23:10 INFO  HomePage :65 - Clicking on Login Button <br>
2022-12-18 17:23:36 INFO  HomePage :54 - Clicking on login link [[ChromeDriver: chrome on WINDOWS (9948f836ff407e9ec4aef942c1b486cb)] -> link text: Log in]<br>
2022-12-18 17:23:36 INFO  HomePage :53 - Enter email siddhi.mun to email field <br>
2022-12-18 17:23:36 INFO  HomePage :59 - Enter password siddh123 to password field <br>
2022-12-18 17:23:37 INFO  HomePage :65 - Clicking on Login Button <br>
2022-12-18 18:19:40 INFO  HomePage :102 - Click on 'Computers' tab <br>
2022-12-18 18:19:41 INFO  HomePage :34 - Get pageTitle text : Computers<br>
2022-12-18 18:19:45 INFO  HomePage :102 - Click on 'Computers' tab <br>
2022-12-18 18:19:46 INFO  HomePage :42 - Click on 'Desktops' link <br>
2022-12-18 18:19:47 INFO  HomePage :34 - Get pageTitle text : Desktops<br>
2022-12-18 18:19:50 INFO  HomePage :102 - Click on 'Computers' tab <br>
2022-12-18 18:19:51 INFO  HomePage :42 - Click on 'Desktops' link <br>
2022-12-18 18:19:52 INFO  HomePage :65 - Click on product 'Build your own computer' : Build your own computer<br>
2022-12-18 18:19:53 INFO  HomePage :67 - Select processor '2.2 GHz Intel Pentium Dual-Core E2200'<br>
2022-12-18 18:19:53 INFO  HomePage :73 - Select RAM '2 GB'<br>
2022-12-18 18:19:53 INFO  HomePage :81 - Select HDD '320 GB'<br>
2022-12-18 18:19:53 INFO  HomePage :92 - Select HDD 'Vista Home [+$50.00]'<br>
2022-12-18 18:19:53 INFO  HomePage :103 - Select Software '[[ChromeDriver: chrome on WINDOWS (4a3c92a06ae59d0f99719f058d147631)] -> xpath: //dd[@id='product_attribute_input_5']//li/label]'<br>
2022-12-18 18:19:53 INFO  HomePage :112 - Click on 'ADD TO CART' Button<br>
2022-12-18 18:19:54 INFO  HomePage :118 - Get productAdded Message : [[ChromeDriver: chrome on WINDOWS (4a3c92a06ae59d0f99719f058d147631)] -> xpath: //p[@class='content']]<br>
2022-12-18 18:19:57 INFO  HomePage :102 - Click on 'Computers' tab <br>
2022-12-18 18:19:58 INFO  HomePage :42 - Click on 'Desktops' link <br>
2022-12-18 18:19:59 INFO  HomePage :65 - Click on product 'Build your own computer' : Build your own computer<br>
2022-12-18 18:20:00 INFO  HomePage :67 - Select processor '2.5 GHz Intel Pentium Dual-Core E2200 [+$15.00]'<br>
2022-12-18 18:20:00 INFO  HomePage :73 - Select RAM '4GB [+$20.00]'<br>
2022-12-18 18:20:00 INFO  HomePage :81 - Select HDD '400 GB [+$100.00]'<br>
2022-12-18 18:20:00 INFO  HomePage :92 - Select HDD 'Vista Premium [+$60.00]'<br>
2022-12-18 18:20:00 INFO  HomePage :103 - Select Software '[[ChromeDriver: chrome on WINDOWS (fb7173635400f101a854ce3d29e7144e)] -> xpath: //dd[@id='product_attribute_input_5']//li/label]'<br>
2022-12-18 18:20:00 INFO  HomePage :112 - Click on 'ADD TO CART' Button<br>
2022-12-18 18:20:01 INFO  HomePage :118 - Get productAdded Message : [[ChromeDriver: chrome on WINDOWS (fb7173635400f101a854ce3d29e7144e)] -> xpath: //p[@class='content']]<br>
2022-12-18 18:20:04 INFO  HomePage :102 - Click on 'Computers' tab <br>
2022-12-18 18:20:04 INFO  HomePage :42 - Click on 'Desktops' link <br>
2022-12-18 18:20:05 INFO  HomePage :65 - Click on product 'Build your own computer' : Build your own computer<br>
2022-12-18 18:20:06 INFO  HomePage :67 - Select processor '2.5 GHz Intel Pentium Dual-Core E2200 [+$15.00]'<br>
2022-12-18 18:20:06 INFO  HomePage :73 - Select RAM '8GB [+$60.00]'<br>
2022-12-18 18:20:06 INFO  HomePage :81 - Select HDD '320 GB'<br>
2022-12-18 18:20:06 INFO  HomePage :92 - Select HDD 'Vista Home [+$50.00]'<br>
2022-12-18 18:20:06 INFO  HomePage :103 - Select Software '[[ChromeDriver: chrome on WINDOWS (e9394674148f03465e95a0f33715dc3d)] -> xpath: //dd[@id='product_attribute_input_5']//li/label]'<br>
2022-12-18 18:20:06 INFO  HomePage :112 - Click on 'ADD TO CART' Button<br>
2022-12-18 18:20:06 INFO  HomePage :118 - Get productAdded Message : [[ChromeDriver: chrome on WINDOWS (e9394674148f03465e95a0f33715dc3d)] -> xpath: //p[@class='content']]<br>
2022-12-18 18:20:10 INFO  HomePage :55 - Clicking on login link [[ChromeDriver: chrome on WINDOWS (d6f23f29964f23d4b4c7c741dc0dee2f)] -> link text: Log in]<br>
2022-12-18 18:20:10 INFO  HomePage :46 - Getting welcome text Welcome, Please Sign In!<br>
2022-12-18 18:20:14 INFO  HomePage :55 - Clicking on login link [[ChromeDriver: chrome on WINDOWS (81ac67d87aa2d40f089b59f6ec00006a)] -> link text: Log in]<br>
2022-12-18 18:20:14 INFO  HomePage :53 - Enter email siddhi.mun1@gmail.com to email field <br>
2022-12-18 18:20:14 INFO  HomePage :59 - Enter password siddh123 to password field <br>
2022-12-18 18:20:14 INFO  HomePage :65 - Clicking on Login Button <br>
2022-12-18 18:20:15 INFO  HomePage :69 - Getting error message : Login was unsuccessful. Please correct the errors and try again.
No customer account found<br>
2022-12-18 18:20:19 INFO  HomePage :55 - Clicking on login link [[ChromeDriver: chrome on WINDOWS (e282eaa4c32aa5ab6f8bc7d3dcebc81b)] -> link text: Log in]<br>
2022-12-18 18:20:19 INFO  HomePage :67 - Clicking on register link Register<br>
2022-12-18 18:20:20 INFO  HomePage :85 - Get registerText : Register<br>
2022-12-18 18:20:24 INFO  HomePage :55 - Clicking on login link [[ChromeDriver: chrome on WINDOWS (d7b9390b33025a5d0486724be512c50c)] -> link text: Log in]<br>
2022-12-18 18:20:24 INFO  HomePage :67 - Clicking on register link Register<br>
2022-12-18 18:20:24 INFO  HomePage :142 - Click on 'REGISTER' button<br>
2022-12-18 18:20:24 INFO  HomePage :151 - Click on 'REGISTER' button<br>
2022-12-18 18:20:24 INFO  HomePage :151 - Click on 'REGISTER' button<br>
2022-12-18 18:20:25 INFO  HomePage :151 - Click on 'REGISTER' button<br>
2022-12-18 18:20:25 INFO  HomePage :151 - Click on 'REGISTER' button<br>
2022-12-18 18:20:25 INFO  HomePage :151 - Click on 'REGISTER' button<br>
2022-12-18 18:20:28 INFO  HomePage :55 - Clicking on login link [[ChromeDriver: chrome on WINDOWS (887b09049f63a6b68f523a59687357be)] -> link text: Log in]<br>
2022-12-18 18:20:29 INFO  HomePage :67 - Clicking on register link Register<br>
2022-12-18 18:20:29 INFO  HomePage :93 - Select 'Female' radio button<br>
2022-12-18 18:20:29 INFO  HomePage :103 - Enter Firstname : 'siddhi' to firstName field<br>
2022-12-18 18:20:29 INFO  HomePage :109 - Enter Lastname : 'Munim' to lastName field<br>
2022-12-18 18:20:29 INFO  HomePage :117 - Select day : '23', month : 'March', year : '1990'<br>
2022-12-18 18:20:30 INFO  HomePage :123 - Enter Email : 'siddhi.mun' to email field<br>
2022-12-18 18:20:30 INFO  HomePage :129 - Enter Password : 'siddh123' to password field<br>
2022-12-18 18:20:30 INFO  HomePage :135 - Enter Confirm password : 'siddh123' to confirm password field<br>
2022-12-18 18:20:30 INFO  HomePage :142 - Click on 'REGISTER' button<br>
2022-12-18 18:20:30 INFO  HomePage :161 - Get your reg completed text : Your registration completed<br>
2022-12-18 18:24:05 INFO  HomePage :55 - Clicking on login link [[ChromeDriver: chrome on WINDOWS (71c04f2e75ea33764dcb11ed5057116a)] -> link text: Log in]<br>
2022-12-18 18:24:05 INFO  HomePage :67 - Clicking on register link Register<br>
2022-12-18 18:24:05 INFO  HomePage :93 - Select 'Female' radio button<br>
2022-12-18 18:24:06 INFO  HomePage :103 - Enter Firstname : 'siddhi' to firstName field<br>
2022-12-18 18:24:06 INFO  HomePage :109 - Enter Lastname : 'Munim' to lastName field<br>
2022-12-18 18:24:06 INFO  HomePage :117 - Select day : '23', month : 'March', year : '1990'<br>
2022-12-18 18:24:06 INFO  HomePage :123 - Enter Email : 'siddhi.mun' to email field<br>
2022-12-18 18:24:06 INFO  HomePage :129 - Enter Password : 'siddh123' to password field<br>
2022-12-18 18:24:06 INFO  HomePage :135 - Enter Confirm password : 'siddh123' to confirm password field<br>
2022-12-18 18:24:07 INFO  HomePage :142 - Click on 'REGISTER' button<br>
2022-12-18 18:24:07 INFO  HomePage :161 - Get your reg completed text : Your registration completed<br>
2022-12-19 01:26:56 INFO  HomePage :55 - Clicking on login link [[ChromeDriver: chrome on WINDOWS (e7c18d49aaaa306f44e661fcf77bdcc6)] -> link text: Log in]<br>
2022-12-19 01:26:56 INFO  HomePage :53 - Enter email jennu.smith@gmail.com to email field <br>
2022-12-19 01:26:56 INFO  HomePage :59 - Enter password katiebruno to password field <br>
2022-12-19 01:26:57 INFO  HomePage :65 - Clicking on Login Button <br>
2022-12-19 01:26:58 INFO  HomePage :87 - Checking is logOutLink displayed : Log out<br>
2022-12-19 01:27:22 INFO  HomePage :55 - Clicking on login link [[ChromeDriver: chrome on WINDOWS (568879ebfb7512c10ffe5d89e553a37d)] -> link text: Log in]<br>
2022-12-19 01:27:22 INFO  HomePage :53 - Enter email jennu.smith@gmail.com to email field <br>
2022-12-19 01:27:22 INFO  HomePage :59 - Enter password katiebruno to password field <br>
2022-12-19 01:27:23 INFO  HomePage :65 - Clicking on Login Button <br>
2022-12-19 01:27:24 INFO  HomePage :79 - Clicking on logOutLink : Log out<br>
2022-12-19 01:27:24 INFO  HomePage :61 - Checking is loginLink displayed : Log in<br>
2022-12-19 16:56:54 INFO  HomePage :55 - Clicking on login link [[ChromeDriver: chrome on WINDOWS (86fa912b7786968f78924b6322549a00)] -> link text: Log in]<br>
2022-12-19 16:56:54 INFO  HomePage :67 - Clicking on register link Register<br>
2022-12-19 16:56:54 INFO  HomePage :85 - Get registerText : Register<br>
2022-12-19 16:56:58 INFO  HomePage :55 - Clicking on login link [[ChromeDriver: chrome on WINDOWS (1dcae08598579c96cd649dce6eb3cce9)] -> link text: Log in]<br>
2022-12-19 16:56:58 INFO  HomePage :67 - Clicking on register link Register<br>
2022-12-19 16:56:58 INFO  HomePage :142 - Click on 'REGISTER' button<br>
2022-12-19 16:56:58 INFO  HomePage :151 - Click on 'REGISTER' button<br>
2022-12-19 16:56:58 INFO  HomePage :151 - Click on 'REGISTER' button<br>
2022-12-19 16:56:58 INFO  HomePage :151 - Click on 'REGISTER' button<br>
2022-12-19 16:56:58 INFO  HomePage :151 - Click on 'REGISTER' button<br>
2022-12-19 16:56:59 INFO  HomePage :151 - Click on 'REGISTER' button<br>
2022-12-19 16:57:02 INFO  HomePage :55 - Clicking on login link [[ChromeDriver: chrome on WINDOWS (68f001cbe64afcea1a43a24352fd703e)] -> link text: Log in]<br>
2022-12-19 16:57:02 INFO  HomePage :67 - Clicking on register link Register<br>
2022-12-19 16:57:03 INFO  HomePage :93 - Select 'Female' radio button<br>
2022-12-19 16:57:03 INFO  HomePage :103 - Enter Firstname : 'siddhi' to firstName field<br>
2022-12-19 16:57:03 INFO  HomePage :109 - Enter Lastname : 'Munim' to lastName field<br>
2022-12-19 16:57:03 INFO  HomePage :117 - Select day : '23', month : 'March', year : '1990'<br>
2022-12-19 16:57:03 INFO  HomePage :123 - Enter Email : 'siddhi.mun' to email field<br>
2022-12-19 16:57:03 INFO  HomePage :129 - Enter Password : 'siddh123' to password field<br>
2022-12-19 16:57:03 INFO  HomePage :135 - Enter Confirm password : 'siddh123' to confirm password field<br>
2022-12-19 16:57:04 INFO  HomePage :142 - Click on 'REGISTER' button<br>
2022-12-19 16:57:04 INFO  HomePage :161 - Get your reg completed text : Your registration completed<br>
2022-12-20 12:14:58 INFO  HomePage :55 - Clicking on login link [[ChromeDriver: chrome on WINDOWS (1b072a2d20ee87d4e5099686bd9121c4)] -> link text: Log in]<br>
2022-12-20 12:14:58 INFO  LoginPage :53 - Enter email jennu.smith@gmail.com to email field <br>
2022-12-20 12:14:58 INFO  LoginPage :59 - Enter password katiebruno to password field <br>
2022-12-20 12:14:59 INFO  LoginPage :65 - Clicking on Login Button <br>
2022-12-20 12:15:24 INFO  HomePage :55 - Clicking on login link [[ChromeDriver: chrome on WINDOWS (88e0910f27effa2b3a6f5eb11953bff3)] -> link text: Log in]<br>
2022-12-20 12:15:25 INFO  LoginPage :53 - Enter email jennu.smith@gmail.com to email field <br>
2022-12-20 12:15:25 INFO  LoginPage :59 - Enter password katiebruno to password field <br>
2022-12-20 12:15:25 INFO  LoginPage :65 - Clicking on Login Button <br>
2022-12-20 14:08:01 INFO  HomePage :55 - Clicking on login link [[ChromeDriver: chrome on WINDOWS (e96c3068458fecf5d2344a246a38d637)] -> link text: Log in]<br>
2022-12-20 14:08:01 INFO  HomePage :67 - Clicking on register link Register<br>
2022-12-20 14:08:01 INFO  RegisterPage :93 - Select 'Female' radio button<br>
2022-12-20 14:08:01 INFO  RegisterPage :103 - Enter Firstname : 'siddhi' to firstName field<br>
2022-12-20 14:08:02 INFO  RegisterPage :109 - Enter Lastname : 'Munim' to lastName field<br>
2022-12-20 14:08:02 INFO  RegisterPage :117 - Select day : '23', month : 'March', year : '1990'<br>
2022-12-20 14:08:02 INFO  RegisterPage :123 - Enter Email : 'siddhi.mun' to email field<br>
2022-12-20 14:08:02 INFO  RegisterPage :129 - Enter Password : 'siddh123' to password field<br>
2022-12-20 14:08:02 INFO  RegisterPage :135 - Enter Confirm password : 'siddh123' to confirm password field<br>
2022-12-20 14:08:03 INFO  RegisterPage :142 - Click on 'REGISTER' button<br>
2022-12-20 14:08:03 INFO  RegisterPage :161 - Get your reg completed text : Your registration completed<br>
2022-12-20 14:22:20 INFO  HomePage :55 - Clicking on login link [[ChromeDriver: chrome on WINDOWS (67de10121718d88acd6b9ebfc6a6c445)] -> link text: Log in]<br>
2022-12-20 14:22:20 INFO  HomePage :67 - Clicking on register link Register<br>
2022-12-20 14:22:20 INFO  RegisterPage :93 - Select 'Female' radio button<br>
2022-12-20 14:22:20 INFO  RegisterPage :103 - Enter Firstname : 'siddhi' to firstName field<br>
2022-12-20 14:22:20 INFO  RegisterPage :109 - Enter Lastname : 'Munim' to lastName field<br>
2022-12-20 14:22:21 INFO  RegisterPage :117 - Select day : '23', month : 'March', year : '1990'<br>
2022-12-20 14:22:21 INFO  RegisterPage :123 - Enter Email : 'siddhi.mun' to email field<br>
2022-12-20 14:22:21 INFO  RegisterPage :129 - Enter Password : 'siddh123' to password field<br>
2022-12-20 14:22:21 INFO  RegisterPage :135 - Enter Confirm password : 'siddh123' to confirm password field<br>
2022-12-20 14:22:22 INFO  RegisterPage :142 - Click on 'REGISTER' button<br>
2022-12-20 14:22:22 INFO  RegisterPage :161 - Get your reg completed text : Your registration completed<br>
2022-12-20 14:23:02 INFO  HomePage :55 - Clicking on login link [[ChromeDriver: chrome on WINDOWS (d67cd41202c7c9695b9a875b48e1f552)] -> link text: Log in]<br>
2022-12-20 14:23:02 INFO  HomePage :67 - Clicking on register link Register<br>
2022-12-20 14:23:03 INFO  RegisterPage :103 - Enter Firstname : 'Jenna' to firstName field<br>
2022-12-20 14:23:03 INFO  RegisterPage :109 - Enter Lastname : 'Smith' to lastName field<br>
2022-12-20 14:23:03 INFO  RegisterPage :123 - Enter Email : 'jennu.smith@gmail.com' to email field<br>
2022-12-20 14:23:03 INFO  RegisterPage :129 - Enter Password : 'katiebruno' to password field<br>
2022-12-20 14:23:03 INFO  RegisterPage :135 - Enter Confirm password : 'katiebruno' to confirm password field<br>
2022-12-20 14:23:03 INFO  RegisterPage :142 - Click on 'REGISTER' button<br>
2022-12-20 14:23:04 INFO  HomePage :55 - Clicking on login link [[ChromeDriver: chrome on WINDOWS (d67cd41202c7c9695b9a875b48e1f552)] -> link text: Log in]<br>
2022-12-20 14:23:04 INFO  LoginPage :53 - Enter email jennu.smith@gmail.com to email field <br>
2022-12-20 14:23:04 INFO  LoginPage :59 - Enter password katiebruno to password field <br>
2022-12-20 14:23:04 INFO  LoginPage :65 - Clicking on Login Button <br>
2022-12-20 14:23:39 INFO  HomePage :55 - Clicking on login link [[ChromeDriver: chrome on WINDOWS (d21501692af7c0b0587cae9844acc5fb)] -> link text: Log in]<br>
2022-12-20 14:23:39 INFO  HomePage :67 - Clicking on register link Register<br>
2022-12-20 14:23:40 INFO  RegisterPage :103 - Enter Firstname : 'Jenna' to firstName field<br>
2022-12-20 14:23:40 INFO  RegisterPage :109 - Enter Lastname : 'Smith' to lastName field<br>
2022-12-20 14:23:40 INFO  RegisterPage :123 - Enter Email : 'jennu.smith@gmail.com' to email field<br>
2022-12-20 14:23:40 INFO  RegisterPage :129 - Enter Password : 'katiebruno' to password field<br>
2022-12-20 14:23:40 INFO  RegisterPage :135 - Enter Confirm password : 'katiebruno' to confirm password field<br>
2022-12-20 14:23:40 INFO  RegisterPage :142 - Click on 'REGISTER' button<br>
2022-12-20 14:23:40 INFO  HomePage :55 - Clicking on login link [[ChromeDriver: chrome on WINDOWS (d21501692af7c0b0587cae9844acc5fb)] -> link text: Log in]<br>
2022-12-20 14:23:40 INFO  LoginPage :53 - Enter email jennu.smith@gmail.com to email field <br>
2022-12-20 14:23:41 INFO  LoginPage :59 - Enter password katiebruno to password field <br>
2022-12-20 14:23:41 INFO  LoginPage :65 - Clicking on Login Button <br>
2022-12-20 14:29:15 INFO  HomePage :55 - Clicking on login link [[ChromeDriver: chrome on WINDOWS (37c226d5b5e8278ec43a16a2b69d89b1)] -> link text: Log in]<br>
2022-12-20 14:29:15 INFO  HomePage :67 - Clicking on register link Register<br>
2022-12-20 14:29:16 INFO  RegisterPage :103 - Enter Firstname : 'Jenna' to firstName field<br>
2022-12-20 14:29:16 INFO  RegisterPage :109 - Enter Lastname : 'Smith' to lastName field<br>
2022-12-20 14:29:16 INFO  RegisterPage :123 - Enter Email : 'jennu.smith@gmail.com' to email field<br>
2022-12-20 14:29:16 INFO  RegisterPage :129 - Enter Password : 'katiebruno' to password field<br>
2022-12-20 14:29:16 INFO  RegisterPage :135 - Enter Confirm password : 'katiebruno' to confirm password field<br>
2022-12-20 14:29:16 INFO  RegisterPage :142 - Click on 'REGISTER' button<br>
2022-12-20 14:29:16 INFO  HomePage :55 - Clicking on login link [[ChromeDriver: chrome on WINDOWS (37c226d5b5e8278ec43a16a2b69d89b1)] -> link text: Log in]<br>
2022-12-20 14:29:16 INFO  LoginPage :53 - Enter email jennu.smith@gmail.com to email field <br>
2022-12-20 14:29:17 INFO  LoginPage :59 - Enter password katiebruno to password field <br>
2022-12-20 14:29:17 INFO  LoginPage :65 - Clicking on Login Button <br>
2022-12-20 14:29:18 INFO  HomePage :87 - Checking is logOutLink displayed : Log out<br>
2022-12-20 14:29:42 INFO  HomePage :55 - Clicking on login link [[ChromeDriver: chrome on WINDOWS (816e3355ad0547e79a31829e7bac833f)] -> link text: Log in]<br>
2022-12-20 14:29:42 INFO  HomePage :67 - Clicking on register link Register<br>
2022-12-20 14:29:42 INFO  RegisterPage :103 - Enter Firstname : 'Jenna' to firstName field<br>
2022-12-20 14:29:43 INFO  RegisterPage :109 - Enter Lastname : 'Smith' to lastName field<br>
2022-12-20 14:29:43 INFO  RegisterPage :123 - Enter Email : 'jennu.smith@gmail.com' to email field<br>
2022-12-20 14:29:43 INFO  RegisterPage :129 - Enter Password : 'katiebruno' to password field<br>
2022-12-20 14:29:43 INFO  RegisterPage :135 - Enter Confirm password : 'katiebruno' to confirm password field<br>
2022-12-20 14:29:43 INFO  RegisterPage :142 - Click on 'REGISTER' button<br>
2022-12-20 14:29:43 INFO  HomePage :55 - Clicking on login link [[ChromeDriver: chrome on WINDOWS (816e3355ad0547e79a31829e7bac833f)] -> link text: Log in]<br>
2022-12-20 14:29:43 INFO  LoginPage :53 - Enter email jennu.smith@gmail.com to email field <br>
2022-12-20 14:29:44 INFO  LoginPage :59 - Enter password katiebruno to password field <br>
2022-12-20 14:29:44 INFO  LoginPage :65 - Clicking on Login Button <br>
2022-12-20 14:29:45 INFO  HomePage :87 - Checking is logOutLink displayed : Log out<br>
2022-12-20 14:31:42 INFO  HomePage :55 - Clicking on login link [[ChromeDriver: chrome on WINDOWS (cdf7170ad87a484a631d42333e0489b0)] -> link text: Log in]<br>
2022-12-20 14:31:42 INFO  HomePage :67 - Clicking on register link Register<br>
2022-12-20 14:31:42 INFO  RegisterPage :103 - Enter Firstname : 'Jenna' to firstName field<br>
2022-12-20 14:31:42 INFO  RegisterPage :109 - Enter Lastname : 'Smith' to lastName field<br>
2022-12-20 14:31:42 INFO  RegisterPage :123 - Enter Email : 'jennu.smith@gmail.com' to email field<br>
2022-12-20 14:31:42 INFO  RegisterPage :129 - Enter Password : 'katiebruno' to password field<br>
2022-12-20 14:31:42 INFO  RegisterPage :135 - Enter Confirm password : 'katiebruno' to confirm password field<br>
2022-12-20 14:31:43 INFO  RegisterPage :142 - Click on 'REGISTER' button<br>
2022-12-20 14:31:43 INFO  HomePage :55 - Clicking on login link [[ChromeDriver: chrome on WINDOWS (cdf7170ad87a484a631d42333e0489b0)] -> link text: Log in]<br>
2022-12-20 14:31:43 INFO  LoginPage :53 - Enter email jennu.smith@gmail.com to email field <br>
2022-12-20 14:31:43 INFO  LoginPage :59 - Enter password katiebruno to password field <br>
2022-12-20 14:31:44 INFO  LoginPage :65 - Clicking on Login Button <br>
2022-12-20 14:31:45 INFO  HomePage :79 - Clicking on logOutLink : Log out<br>
2022-12-20 14:31:45 INFO  HomePage :61 - Checking is loginLink displayed : Log in<br>
2022-12-20 14:33:23 INFO  HomePage :102 - Click on 'Computers' tab <br>
2022-12-20 14:33:24 INFO  ComputerPage :34 - Get pageTitle text : Computers<br>
2022-12-20 14:33:28 INFO  HomePage :55 - Clicking on login link [[ChromeDriver: chrome on WINDOWS (a32f723a456bc2cc7203deaf75afdb9c)] -> link text: Log in]<br>
2022-12-20 14:33:28 INFO  LoginPage :46 - Getting welcome text Welcome, Please Sign In!<br>
2022-12-20 14:33:32 INFO  HomePage :55 - Clicking on login link [[ChromeDriver: chrome on WINDOWS (f9c524e0bc3bd4e33a4530eac303fb41)] -> link text: Log in]<br>
2022-12-20 14:33:32 INFO  HomePage :67 - Clicking on register link Register<br>
2022-12-20 14:33:32 INFO  RegisterPage :85 - Get registerText : Register<br>
2022-12-20 14:33:52 INFO  HomePage :102 - Click on 'Computers' tab <br>
2022-12-20 14:33:53 INFO  ComputerPage :42 - Click on 'Desktops' link <br>
2022-12-20 14:33:53 INFO  ComputerPage :34 - Get pageTitle text : Desktops<br>
2022-12-20 14:33:57 INFO  HomePage :55 - Clicking on login link [[ChromeDriver: chrome on WINDOWS (dd4dd81ecbe3df15f0ec5fc209c1bcb4)] -> link text: Log in]<br>
2022-12-20 14:33:58 INFO  LoginPage :53 - Enter email siddhi.mun1@gmail.com to email field <br>
2022-12-20 14:33:58 INFO  LoginPage :59 - Enter password siddh123 to password field <br>
2022-12-20 14:33:58 INFO  LoginPage :65 - Clicking on Login Button <br>
2022-12-20 14:33:59 INFO  LoginPage :69 - Getting error message : Login was unsuccessful. Please correct the errors and try again.
No customer account found<br>
2022-12-20 14:34:03 INFO  HomePage :55 - Clicking on login link [[ChromeDriver: chrome on WINDOWS (13dacaf08d13e84c76ded12e589f9502)] -> link text: Log in]<br>
2022-12-20 14:34:03 INFO  HomePage :67 - Clicking on register link Register<br>
2022-12-20 14:34:03 INFO  RegisterPage :142 - Click on 'REGISTER' button<br>
2022-12-20 14:34:03 INFO  RegisterPage :151 - Click on 'REGISTER' button<br>
2022-12-20 14:34:04 INFO  RegisterPage :151 - Click on 'REGISTER' button<br>
2022-12-20 14:34:04 INFO  RegisterPage :151 - Click on 'REGISTER' button<br>
2022-12-20 14:34:04 INFO  RegisterPage :151 - Click on 'REGISTER' button<br>
2022-12-20 14:34:04 INFO  RegisterPage :151 - Click on 'REGISTER' button<br>
2022-12-20 14:34:29 INFO  HomePage :102 - Click on 'Computers' tab <br>
2022-12-20 14:34:29 INFO  ComputerPage :34 - Get pageTitle text : Computers<br>
2022-12-20 14:34:33 INFO  HomePage :102 - Click on 'Computers' tab <br>
2022-12-20 14:34:34 INFO  ComputerPage :42 - Click on 'Desktops' link <br>
2022-12-20 14:34:34 INFO  ComputerPage :34 - Get pageTitle text : Desktops<br>
2022-12-20 14:34:37 INFO  HomePage :102 - Click on 'Computers' tab <br>
2022-12-20 14:34:38 INFO  ComputerPage :42 - Click on 'Desktops' link <br>
2022-12-20 14:34:39 INFO  DesktopsPage :65 - Click on product 'Build your own computer' : Build your own computer<br>
2022-12-20 14:34:40 INFO  BuildYourOwnComputerPage :67 - Select processor '2.2 GHz Intel Pentium Dual-Core E2200'<br>
2022-12-20 14:34:40 INFO  BuildYourOwnComputerPage :73 - Select RAM '2 GB'<br>
2022-12-20 14:34:40 INFO  BuildYourOwnComputerPage :81 - Select HDD '320 GB'<br>
2022-12-20 14:34:40 INFO  BuildYourOwnComputerPage :92 - Select HDD 'Vista Home [+$50.00]'<br>
2022-12-20 14:34:40 INFO  BuildYourOwnComputerPage :103 - Select Software '[[ChromeDriver: chrome on WINDOWS (1bc8c20a6071e86497e5f25165dcdfad)] -> xpath: //dd[@id='product_attribute_input_5']//li/label]'<br>
2022-12-20 14:34:40 INFO  BuildYourOwnComputerPage :112 - Click on 'ADD TO CART' Button<br>
2022-12-20 14:34:41 INFO  BuildYourOwnComputerPage :118 - Get productAdded Message : [[ChromeDriver: chrome on WINDOWS (1bc8c20a6071e86497e5f25165dcdfad)] -> xpath: //p[@class='content']]<br>
2022-12-20 14:34:44 INFO  HomePage :102 - Click on 'Computers' tab <br>
2022-12-20 14:34:45 INFO  ComputerPage :42 - Click on 'Desktops' link <br>
2022-12-20 14:34:45 INFO  DesktopsPage :65 - Click on product 'Build your own computer' : Build your own computer<br>
2022-12-20 14:34:46 INFO  BuildYourOwnComputerPage :67 - Select processor '2.5 GHz Intel Pentium Dual-Core E2200 [+$15.00]'<br>
2022-12-20 14:34:46 INFO  BuildYourOwnComputerPage :73 - Select RAM '4GB [+$20.00]'<br>
2022-12-20 14:34:46 INFO  BuildYourOwnComputerPage :81 - Select HDD '400 GB [+$100.00]'<br>
2022-12-20 14:34:46 INFO  BuildYourOwnComputerPage :92 - Select HDD 'Vista Premium [+$60.00]'<br>
2022-12-20 14:34:46 INFO  BuildYourOwnComputerPage :103 - Select Software '[[ChromeDriver: chrome on WINDOWS (b1a98e94754f144a5c32c919ce2605b1)] -> xpath: //dd[@id='product_attribute_input_5']//li/label]'<br>
2022-12-20 14:34:47 INFO  BuildYourOwnComputerPage :112 - Click on 'ADD TO CART' Button<br>
2022-12-20 14:34:47 INFO  BuildYourOwnComputerPage :118 - Get productAdded Message : [[ChromeDriver: chrome on WINDOWS (b1a98e94754f144a5c32c919ce2605b1)] -> xpath: //p[@class='content']]<br>
2022-12-20 14:34:50 INFO  HomePage :102 - Click on 'Computers' tab <br>
2022-12-20 14:34:51 INFO  ComputerPage :42 - Click on 'Desktops' link <br>
2022-12-20 14:34:52 INFO  DesktopsPage :65 - Click on product 'Build your own computer' : Build your own computer<br>
2022-12-20 14:34:52 INFO  BuildYourOwnComputerPage :67 - Select processor '2.5 GHz Intel Pentium Dual-Core E2200 [+$15.00]'<br>
2022-12-20 14:34:53 INFO  BuildYourOwnComputerPage :73 - Select RAM '8GB [+$60.00]'<br>
2022-12-20 14:34:53 INFO  BuildYourOwnComputerPage :81 - Select HDD '320 GB'<br>
2022-12-20 14:34:53 INFO  BuildYourOwnComputerPage :92 - Select HDD 'Vista Home [+$50.00]'<br>
2022-12-20 14:34:53 INFO  BuildYourOwnComputerPage :103 - Select Software '[[ChromeDriver: chrome on WINDOWS (78c208b284d9989ead59269019a42874)] -> xpath: //dd[@id='product_attribute_input_5']//li/label]'<br>
2022-12-20 14:34:53 INFO  BuildYourOwnComputerPage :112 - Click on 'ADD TO CART' Button<br>
2022-12-20 14:34:53 INFO  BuildYourOwnComputerPage :118 - Get productAdded Message : [[ChromeDriver: chrome on WINDOWS (78c208b284d9989ead59269019a42874)] -> xpath: //p[@class='content']]<br>
2022-12-20 14:34:57 INFO  HomePage :55 - Clicking on login link [[ChromeDriver: chrome on WINDOWS (1105df370a63de1d93bf83b1a5663bab)] -> link text: Log in]<br>
2022-12-20 14:34:57 INFO  LoginPage :46 - Getting welcome text Welcome, Please Sign In!<br>
2022-12-20 14:35:01 INFO  HomePage :55 - Clicking on login link [[ChromeDriver: chrome on WINDOWS (94df49a4edd79ae1dd75057f8535645d)] -> link text: Log in]<br>
2022-12-20 14:35:01 INFO  LoginPage :53 - Enter email siddhi.mun1@gmail.com to email field <br>
2022-12-20 14:35:01 INFO  LoginPage :59 - Enter password siddh123 to password field <br>
2022-12-20 14:35:01 INFO  LoginPage :65 - Clicking on Login Button <br>
2022-12-20 14:35:02 INFO  LoginPage :69 - Getting error message : Login was unsuccessful. Please correct the errors and try again.
No customer account found<br>
2022-12-20 14:35:06 INFO  HomePage :55 - Clicking on login link [[ChromeDriver: chrome on WINDOWS (3c40a0864abde09432c366da0d7349ca)] -> link text: Log in]<br>
2022-12-20 14:35:06 INFO  HomePage :67 - Clicking on register link Register<br>
2022-12-20 14:35:06 INFO  RegisterPage :103 - Enter Firstname : 'Jenna' to firstName field<br>
2022-12-20 14:35:06 INFO  RegisterPage :109 - Enter Lastname : 'Smith' to lastName field<br>
2022-12-20 14:35:06 INFO  RegisterPage :123 - Enter Email : 'jennu.smith@gmail.com' to email field<br>
2022-12-20 14:35:07 INFO  RegisterPage :129 - Enter Password : 'katiebruno' to password field<br>
2022-12-20 14:35:07 INFO  RegisterPage :135 - Enter Confirm password : 'katiebruno' to confirm password field<br>
2022-12-20 14:35:07 INFO  RegisterPage :142 - Click on 'REGISTER' button<br>
2022-12-20 14:35:07 INFO  HomePage :55 - Clicking on login link [[ChromeDriver: chrome on WINDOWS (3c40a0864abde09432c366da0d7349ca)] -> link text: Log in]<br>
2022-12-20 14:35:07 INFO  LoginPage :53 - Enter email jennu.smith@gmail.com to email field <br>
2022-12-20 14:35:07 INFO  LoginPage :59 - Enter password katiebruno to password field <br>
2022-12-20 14:35:08 INFO  LoginPage :65 - Clicking on Login Button <br>
2022-12-20 14:35:09 INFO  HomePage :87 - Checking is logOutLink displayed : Log out<br>
2022-12-20 14:35:13 INFO  HomePage :55 - Clicking on login link [[ChromeDriver: chrome on WINDOWS (fde4f048c5aca81cd6c21f39675f0fc1)] -> link text: Log in]<br>
2022-12-20 14:35:13 INFO  HomePage :67 - Clicking on register link Register<br>
2022-12-20 14:35:14 INFO  RegisterPage :103 - Enter Firstname : 'Jenna' to firstName field<br>
2022-12-20 14:35:14 INFO  RegisterPage :109 - Enter Lastname : 'Smith' to lastName field<br>
2022-12-20 14:35:14 INFO  RegisterPage :123 - Enter Email : 'jennu.smith@gmail.com' to email field<br>
2022-12-20 14:35:14 INFO  RegisterPage :129 - Enter Password : 'katiebruno' to password field<br>
2022-12-20 14:35:14 INFO  RegisterPage :135 - Enter Confirm password : 'katiebruno' to confirm password field<br>
2022-12-20 14:35:14 INFO  RegisterPage :142 - Click on 'REGISTER' button<br>
2022-12-20 14:35:15 INFO  HomePage :55 - Clicking on login link [[ChromeDriver: chrome on WINDOWS (fde4f048c5aca81cd6c21f39675f0fc1)] -> link text: Log in]<br>
2022-12-20 14:35:15 INFO  LoginPage :53 - Enter email jennu.smith@gmail.com to email field <br>
2022-12-20 14:35:15 INFO  LoginPage :59 - Enter password katiebruno to password field <br>
2022-12-20 14:35:15 INFO  LoginPage :65 - Clicking on Login Button <br>
2022-12-20 14:35:16 INFO  HomePage :79 - Clicking on logOutLink : Log out<br>
2022-12-20 14:35:17 INFO  HomePage :61 - Checking is loginLink displayed : Log in<br>
2022-12-20 14:35:22 INFO  HomePage :55 - Clicking on login link [[ChromeDriver: chrome on WINDOWS (26863fb3bcf2c7876c90103c13f2f8ed)] -> link text: Log in]<br>
2022-12-20 14:35:22 INFO  HomePage :67 - Clicking on register link Register<br>
2022-12-20 14:35:22 INFO  RegisterPage :85 - Get registerText : Register<br>
2022-12-20 14:35:26 INFO  HomePage :55 - Clicking on login link [[ChromeDriver: chrome on WINDOWS (32a119ad7d8d176ef048cbbcf93bda25)] -> link text: Log in]<br>
2022-12-20 14:35:26 INFO  HomePage :67 - Clicking on register link Register<br>
2022-12-20 14:35:26 INFO  RegisterPage :142 - Click on 'REGISTER' button<br>
2022-12-20 14:35:26 INFO  RegisterPage :151 - Click on 'REGISTER' button<br>
2022-12-20 14:35:26 INFO  RegisterPage :151 - Click on 'REGISTER' button<br>
2022-12-20 14:35:26 INFO  RegisterPage :151 - Click on 'REGISTER' button<br>
2022-12-20 14:35:26 INFO  RegisterPage :151 - Click on 'REGISTER' button<br>
2022-12-20 14:35:26 INFO  RegisterPage :151 - Click on 'REGISTER' button<br>
2022-12-20 14:35:30 INFO  HomePage :55 - Clicking on login link [[ChromeDriver: chrome on WINDOWS (9c8dbbfa8794d5fc9baba123c3692fe7)] -> link text: Log in]<br>
2022-12-20 14:35:30 INFO  HomePage :67 - Clicking on register link Register<br>
2022-12-20 14:35:31 INFO  RegisterPage :93 - Select 'Female' radio button<br>
2022-12-20 14:35:31 INFO  RegisterPage :103 - Enter Firstname : 'siddhi' to firstName field<br>
2022-12-20 14:35:31 INFO  RegisterPage :109 - Enter Lastname : 'Munim' to lastName field<br>
2022-12-20 14:35:31 INFO  RegisterPage :117 - Select day : '23', month : 'March', year : '1990'<br>
2022-12-20 14:35:31 INFO  RegisterPage :123 - Enter Email : 'siddhi.mun' to email field<br>
2022-12-20 14:35:31 INFO  RegisterPage :129 - Enter Password : 'siddh123' to password field<br>
2022-12-20 14:35:31 INFO  RegisterPage :135 - Enter Confirm password : 'siddh123' to confirm password field<br>
2022-12-20 14:35:32 INFO  RegisterPage :142 - Click on 'REGISTER' button<br>
2022-12-20 14:35:32 INFO  RegisterPage :161 - Get your reg completed text : Your registration completed<br>
2022-12-20 16:45:55 INFO  HomePage :55 - Clicking on login link [[ChromeDriver: chrome on WINDOWS (caca57454034a9c862289719549c2731)] -> link text: Log in]<br>
2022-12-20 16:45:55 INFO  HomePage :67 - Clicking on register link Register<br>
2022-12-20 16:45:55 INFO  RegisterPage :93 - Select 'Female' radio button<br>
2022-12-20 16:45:55 INFO  RegisterPage :103 - Enter Firstname : 'siddhi' to firstName field<br>
2022-12-20 16:45:55 INFO  RegisterPage :109 - Enter Lastname : 'Munim' to lastName field<br>
2022-12-20 16:45:56 INFO  RegisterPage :117 - Select day : '23', month : 'March', year : '1990'<br>
2022-12-20 16:45:56 INFO  RegisterPage :123 - Enter Email : 'siddhi.mun' to email field<br>
2022-12-20 16:45:56 INFO  RegisterPage :129 - Enter Password : 'siddh123' to password field<br>
2022-12-20 16:45:56 INFO  RegisterPage :135 - Enter Confirm password : 'siddh123' to confirm password field<br>
2022-12-20 16:45:56 INFO  RegisterPage :142 - Click on 'REGISTER' button<br>
2022-12-20 16:45:56 INFO  RegisterPage :161 - Get your reg completed text : Your registration completed<br>
2022-12-20 20:51:05 INFO  HomePage :55 - Clicking on login link [[ChromeDriver: chrome on WINDOWS (40bdedeb34ab8b103797e55e10c3d090)] -> link text: Log in]<br>
2022-12-20 20:51:05 INFO  HomePage :67 - Clicking on register link Register<br>
2022-12-20 20:51:05 INFO  RegisterPage :103 - Enter Firstname : 'Jenna' to firstName field<br>
2022-12-20 20:51:05 INFO  RegisterPage :109 - Enter Lastname : 'Smith' to lastName field<br>
2022-12-20 20:51:05 INFO  RegisterPage :123 - Enter Email : 'jennu.smith@gmail.com' to email field<br>
2022-12-20 20:51:05 INFO  RegisterPage :129 - Enter Password : 'katiebruno' to password field<br>
2022-12-20 20:51:05 INFO  RegisterPage :135 - Enter Confirm password : 'katiebruno' to confirm password field<br>
2022-12-20 20:51:05 INFO  RegisterPage :142 - Click on 'REGISTER' button<br>
2022-12-20 20:51:06 INFO  HomePage :55 - Clicking on login link [[ChromeDriver: chrome on WINDOWS (40bdedeb34ab8b103797e55e10c3d090)] -> link text: Log in]<br>
2022-12-20 20:51:06 INFO  LoginPage :53 - Enter email jennu.smith@gmail.com to email field <br>
2022-12-20 20:51:06 INFO  LoginPage :59 - Enter password katiebruno to password field <br>
2022-12-20 20:51:06 INFO  LoginPage :65 - Clicking on Login Button <br>
2022-12-20 20:52:51 INFO  HomePage :55 - Clicking on login link [[ChromeDriver: chrome on WINDOWS (2c18bd5e2f5e96b3e88bbda288475508)] -> link text: Log in]<br>
2022-12-20 20:52:51 INFO  HomePage :67 - Clicking on register link Register<br>
2022-12-20 20:52:52 INFO  RegisterPage :103 - Enter Firstname : 'Jenna' to firstName field<br>
2022-12-20 20:52:52 INFO  RegisterPage :109 - Enter Lastname : 'Smith' to lastName field<br>
2022-12-20 20:52:52 INFO  RegisterPage :123 - Enter Email : 'jennu.smith@gmail.com' to email field<br>
2022-12-20 20:52:52 INFO  RegisterPage :129 - Enter Password : 'katiebruno' to password field<br>
2022-12-20 20:52:52 INFO  RegisterPage :135 - Enter Confirm password : 'katiebruno' to confirm password field<br>
2022-12-20 20:52:52 INFO  RegisterPage :142 - Click on 'REGISTER' button<br>
2022-12-20 20:52:52 INFO  HomePage :55 - Clicking on login link [[ChromeDriver: chrome on WINDOWS (2c18bd5e2f5e96b3e88bbda288475508)] -> link text: Log in]<br>
2022-12-20 20:52:52 INFO  LoginPage :53 - Enter email jennu.smith@gmail.com to email field <br>
2022-12-20 20:52:52 INFO  LoginPage :59 - Enter password katiebruno to password field <br>
2022-12-20 20:52:53 INFO  LoginPage :65 - Clicking on Login Button <br>
2022-12-20 21:01:24 INFO  HomePage :55 - Clicking on login link [[ChromeDriver: chrome on WINDOWS (8514fe0f0ff4677f8666d5ed6a594e47)] -> link text: Log in]<br>
2022-12-20 21:01:24 INFO  HomePage :67 - Clicking on register link Register<br>
2022-12-20 21:01:25 INFO  RegisterPage :103 - Enter Firstname : 'Jenna' to firstName field<br>
2022-12-20 21:01:25 INFO  RegisterPage :109 - Enter Lastname : 'Smith' to lastName field<br>
2022-12-20 21:01:25 INFO  RegisterPage :129 - Enter Password : 'katiebruno' to password field<br>
2022-12-20 21:01:25 INFO  RegisterPage :135 - Enter Confirm password : 'katiebruno' to confirm password field<br>
2022-12-20 21:01:25 INFO  RegisterPage :142 - Click on 'REGISTER' button<br>
2022-12-20 21:01:26 INFO  HomePage :55 - Clicking on login link [[ChromeDriver: chrome on WINDOWS (8514fe0f0ff4677f8666d5ed6a594e47)] -> link text: Log in]<br>
2022-12-20 21:01:26 INFO  LoginPage :53 - Enter email jennu.smith@gmail.com to email field <br>
2022-12-20 21:01:26 INFO  LoginPage :59 - Enter password katiebruno to password field <br>
2022-12-20 21:01:26 INFO  LoginPage :65 - Clicking on Login Button <br>
2022-12-20 21:01:27 INFO  HomePage :79 - Clicking on logOutLink : Log out<br>
2022-12-20 21:01:28 INFO  HomePage :61 - Checking is loginLink displayed : Log in<br>
2022-12-20 21:06:03 INFO  HomePage :102 - Click on 'Computers' tab <br>
2022-12-20 21:06:03 INFO  ComputerPage :34 - Get pageTitle text : Computers<br>
2022-12-20 21:06:07 INFO  HomePage :102 - Click on 'Computers' tab <br>
2022-12-20 21:06:08 INFO  ComputerPage :42 - Click on 'Desktops' link <br>
2022-12-20 21:06:08 INFO  ComputerPage :34 - Get pageTitle text : Desktops<br>
2022-12-20 21:06:11 INFO  HomePage :102 - Click on 'Computers' tab <br>
2022-12-20 21:06:12 INFO  ComputerPage :42 - Click on 'Desktops' link <br>
2022-12-20 21:06:12 INFO  DesktopsPage :65 - Click on product 'Build your own computer' : Build your own computer<br>
2022-12-20 21:06:13 INFO  BuildYourOwnComputerPage :67 - Select processor '2.2 GHz Intel Pentium Dual-Core E2200'<br>
2022-12-20 21:06:13 INFO  BuildYourOwnComputerPage :73 - Select RAM '2 GB'<br>
2022-12-20 21:06:14 INFO  BuildYourOwnComputerPage :81 - Select HDD '320 GB'<br>
2022-12-20 21:06:14 INFO  BuildYourOwnComputerPage :92 - Select HDD 'Vista Home [+$50.00]'<br>
2022-12-20 21:06:14 INFO  BuildYourOwnComputerPage :103 - Select Software '[[ChromeDriver: chrome on WINDOWS (6c807f4e5589c4115b403044dbf85dd6)] -> xpath: //dd[@id='product_attribute_input_5']//li/label]'<br>
2022-12-20 21:06:14 INFO  BuildYourOwnComputerPage :112 - Click on 'ADD TO CART' Button<br>
2022-12-20 21:06:14 INFO  BuildYourOwnComputerPage :118 - Get productAdded Message : [[ChromeDriver: chrome on WINDOWS (6c807f4e5589c4115b403044dbf85dd6)] -> xpath: //p[@class='content']]<br>
2022-12-20 21:06:18 INFO  HomePage :102 - Click on 'Computers' tab <br>
2022-12-20 21:06:19 INFO  ComputerPage :42 - Click on 'Desktops' link <br>
2022-12-20 21:06:19 INFO  DesktopsPage :65 - Click on product 'Build your own computer' : Build your own computer<br>
2022-12-20 21:06:20 INFO  BuildYourOwnComputerPage :67 - Select processor '2.5 GHz Intel Pentium Dual-Core E2200 [+$15.00]'<br>
2022-12-20 21:06:20 INFO  BuildYourOwnComputerPage :73 - Select RAM '4GB [+$20.00]'<br>
2022-12-20 21:06:20 INFO  BuildYourOwnComputerPage :81 - Select HDD '400 GB [+$100.00]'<br>
2022-12-20 21:06:20 INFO  BuildYourOwnComputerPage :92 - Select HDD 'Vista Premium [+$60.00]'<br>
2022-12-20 21:06:20 INFO  BuildYourOwnComputerPage :103 - Select Software '[[ChromeDriver: chrome on WINDOWS (bc036e0e9ddfea40730a512b06d6bf82)] -> xpath: //dd[@id='product_attribute_input_5']//li/label]'<br>
2022-12-20 21:06:20 INFO  BuildYourOwnComputerPage :112 - Click on 'ADD TO CART' Button<br>
2022-12-20 21:06:21 INFO  BuildYourOwnComputerPage :118 - Get productAdded Message : [[ChromeDriver: chrome on WINDOWS (bc036e0e9ddfea40730a512b06d6bf82)] -> xpath: //p[@class='content']]<br>
2022-12-20 21:06:24 INFO  HomePage :102 - Click on 'Computers' tab <br>
2022-12-20 21:06:25 INFO  ComputerPage :42 - Click on 'Desktops' link <br>
2022-12-20 21:06:25 INFO  DesktopsPage :65 - Click on product 'Build your own computer' : Build your own computer<br>
2022-12-20 21:06:26 INFO  BuildYourOwnComputerPage :67 - Select processor '2.5 GHz Intel Pentium Dual-Core E2200 [+$15.00]'<br>
2022-12-20 21:06:26 INFO  BuildYourOwnComputerPage :73 - Select RAM '8GB [+$60.00]'<br>
2022-12-20 21:06:26 INFO  BuildYourOwnComputerPage :81 - Select HDD '320 GB'<br>
2022-12-20 21:06:26 INFO  BuildYourOwnComputerPage :92 - Select HDD 'Vista Home [+$50.00]'<br>
2022-12-20 21:06:26 INFO  BuildYourOwnComputerPage :103 - Select Software '[[ChromeDriver: chrome on WINDOWS (476a1b98c2a15aaaa8b1edb8c4d94ae0)] -> xpath: //dd[@id='product_attribute_input_5']//li/label]'<br>
2022-12-20 21:06:26 INFO  BuildYourOwnComputerPage :112 - Click on 'ADD TO CART' Button<br>
2022-12-20 21:06:27 INFO  BuildYourOwnComputerPage :118 - Get productAdded Message : [[ChromeDriver: chrome on WINDOWS (476a1b98c2a15aaaa8b1edb8c4d94ae0)] -> xpath: //p[@class='content']]<br>
2022-12-20 21:06:31 INFO  HomePage :55 - Clicking on login link [[ChromeDriver: chrome on WINDOWS (eb3109f61e7760e9c8a04b7ec429a7f4)] -> link text: Log in]<br>
2022-12-20 21:06:31 INFO  LoginPage :46 - Getting welcome text Welcome, Please Sign In!<br>
2022-12-20 21:06:34 INFO  HomePage :55 - Clicking on login link [[ChromeDriver: chrome on WINDOWS (6c1ff1bff84b72cd147e631a24f47814)] -> link text: Log in]<br>
2022-12-20 21:06:35 INFO  LoginPage :53 - Enter email siddhi.mun1@gmail.com to email field <br>
2022-12-20 21:06:35 INFO  LoginPage :59 - Enter password siddh123 to password field <br>
2022-12-20 21:06:35 INFO  LoginPage :65 - Clicking on Login Button <br>
2022-12-20 21:06:36 INFO  LoginPage :69 - Getting error message : Login was unsuccessful. Please correct the errors and try again.
No customer account found<br>
2022-12-20 21:06:40 INFO  HomePage :55 - Clicking on login link [[ChromeDriver: chrome on WINDOWS (eee593629e83102450181f4d6b1d06c1)] -> link text: Log in]<br>
2022-12-20 21:06:40 INFO  HomePage :67 - Clicking on register link Register<br>
2022-12-20 21:06:40 INFO  RegisterPage :103 - Enter Firstname : 'Jenna' to firstName field<br>
2022-12-20 21:06:40 INFO  RegisterPage :109 - Enter Lastname : 'Smith' to lastName field<br>
2022-12-20 21:06:40 INFO  RegisterPage :129 - Enter Password : 'katiebruno' to password field<br>
2022-12-20 21:06:40 INFO  RegisterPage :135 - Enter Confirm password : 'katiebruno' to confirm password field<br>
2022-12-20 21:06:41 INFO  RegisterPage :142 - Click on 'REGISTER' button<br>
2022-12-20 21:06:41 INFO  HomePage :55 - Clicking on login link [[ChromeDriver: chrome on WINDOWS (eee593629e83102450181f4d6b1d06c1)] -> link text: Log in]<br>
2022-12-20 21:06:41 INFO  LoginPage :53 - Enter email jennu.smith@gmail.com to email field <br>
2022-12-20 21:06:41 INFO  LoginPage :59 - Enter password katiebruno to password field <br>
2022-12-20 21:06:42 INFO  LoginPage :65 - Clicking on Login Button <br>
2022-12-20 21:06:43 INFO  HomePage :87 - Checking is logOutLink displayed : Log out<br>
2022-12-20 21:06:48 INFO  HomePage :55 - Clicking on login link [[ChromeDriver: chrome on WINDOWS (a04960dc1f0d9b13010be93272e14ac0)] -> link text: Log in]<br>
2022-12-20 21:06:48 INFO  HomePage :67 - Clicking on register link Register<br>
2022-12-20 21:06:49 INFO  RegisterPage :103 - Enter Firstname : 'Jenna' to firstName field<br>
2022-12-20 21:06:49 INFO  RegisterPage :109 - Enter Lastname : 'Smith' to lastName field<br>
2022-12-20 21:06:49 INFO  RegisterPage :129 - Enter Password : 'katiebruno' to password field<br>
2022-12-20 21:06:49 INFO  RegisterPage :135 - Enter Confirm password : 'katiebruno' to confirm password field<br>
2022-12-20 21:06:50 INFO  RegisterPage :142 - Click on 'REGISTER' button<br>
2022-12-20 21:06:50 INFO  HomePage :55 - Clicking on login link [[ChromeDriver: chrome on WINDOWS (a04960dc1f0d9b13010be93272e14ac0)] -> link text: Log in]<br>
2022-12-20 21:06:50 INFO  LoginPage :53 - Enter email jennu.smith@gmail.com to email field <br>
2022-12-20 21:06:50 INFO  LoginPage :59 - Enter password katiebruno to password field <br>
2022-12-20 21:06:51 INFO  LoginPage :65 - Clicking on Login Button <br>
2022-12-20 21:06:52 INFO  HomePage :79 - Clicking on logOutLink : Log out<br>
2022-12-20 21:06:52 INFO  HomePage :61 - Checking is loginLink displayed : Log in<br>
2022-12-20 21:06:57 INFO  HomePage :55 - Clicking on login link [[ChromeDriver: chrome on WINDOWS (517bb848b4bbac911a81fc212b28515b)] -> link text: Log in]<br>
2022-12-20 21:06:57 INFO  HomePage :67 - Clicking on register link Register<br>
2022-12-20 21:06:57 INFO  RegisterPage :85 - Get registerText : Register<br>
2022-12-20 21:07:01 INFO  HomePage :55 - Clicking on login link [[ChromeDriver: chrome on WINDOWS (1978de490b0b61971fd66f7e3f95e8f7)] -> link text: Log in]<br>
2022-12-20 21:07:01 INFO  HomePage :67 - Clicking on register link Register<br>
2022-12-20 21:07:01 INFO  RegisterPage :142 - Click on 'REGISTER' button<br>
2022-12-20 21:07:01 INFO  RegisterPage :151 - Click on 'REGISTER' button<br>
2022-12-20 21:07:01 INFO  RegisterPage :151 - Click on 'REGISTER' button<br>
2022-12-20 21:07:01 INFO  RegisterPage :151 - Click on 'REGISTER' button<br>
2022-12-20 21:07:01 INFO  RegisterPage :151 - Click on 'REGISTER' button<br>
2022-12-20 21:07:01 INFO  RegisterPage :151 - Click on 'REGISTER' button<br>
2022-12-20 21:07:04 INFO  HomePage :55 - Clicking on login link [[ChromeDriver: chrome on WINDOWS (be3a951e71f569cb2272fda52de1db44)] -> link text: Log in]<br>
2022-12-20 21:07:04 INFO  HomePage :67 - Clicking on register link Register<br>
2022-12-20 21:07:05 INFO  RegisterPage :93 - Select 'Female' radio button<br>
2022-12-20 21:07:05 INFO  RegisterPage :103 - Enter Firstname : 'siddhi' to firstName field<br>
2022-12-20 21:07:05 INFO  RegisterPage :109 - Enter Lastname : 'Munim' to lastName field<br>
2022-12-20 21:07:05 INFO  RegisterPage :117 - Select day : '23', month : 'March', year : '1990'<br>
2022-12-20 21:07:05 INFO  RegisterPage :123 - Enter Email : 'siddhi.mun' to email field<br>
2022-12-20 21:07:05 INFO  RegisterPage :129 - Enter Password : 'siddh123' to password field<br>
2022-12-20 21:07:05 INFO  RegisterPage :135 - Enter Confirm password : 'siddh123' to confirm password field<br>
2022-12-20 21:07:06 INFO  RegisterPage :142 - Click on 'REGISTER' button<br>
2022-12-20 21:07:06 INFO  RegisterPage :161 - Get your reg completed text : Your registration completed<br>
